{"/home/ggonzalez/FS/FullStackDevelopment/part5/bloglist/src/App.js": {"path":"/home/ggonzalez/FS/FullStackDevelopment/part5/bloglist/src/App.js","statementMap":{"0":{"start":{"line":10,"column":12},"end":{"line":240,"column":1}},"1":{"start":{"line":11,"column":43},"end":{"line":11,"column":99}},"2":{"start":{"line":12,"column":26},"end":{"line":12,"column":43}},"3":{"start":{"line":13,"column":34},"end":{"line":13,"column":46}},"4":{"start":{"line":14,"column":34},"end":{"line":14,"column":46}},"5":{"start":{"line":15,"column":34},"end":{"line":15,"column":46}},"6":{"start":{"line":16,"column":36},"end":{"line":16,"column":48}},"7":{"start":{"line":17,"column":30},"end":{"line":17,"column":42}},"8":{"start":{"line":18,"column":26},"end":{"line":18,"column":40}},"9":{"start":{"line":19,"column":28},"end":{"line":19,"column":40}},"10":{"start":{"line":25,"column":21},"end":{"line":40,"column":3}},"11":{"start":{"line":26,"column":4},"end":{"line":26,"column":38}},"12":{"start":{"line":27,"column":4},"end":{"line":39,"column":6}},"13":{"start":{"line":28,"column":6},"end":{"line":28,"column":38}},"14":{"start":{"line":29,"column":6},"end":{"line":29,"column":52}},"15":{"start":{"line":29,"column":29},"end":{"line":29,"column":50}},"16":{"start":{"line":31,"column":6},"end":{"line":37,"column":8}},"17":{"start":{"line":32,"column":8},"end":{"line":33,"column":18}},"18":{"start":{"line":33,"column":10},"end":{"line":33,"column":18}},"19":{"start":{"line":34,"column":8},"end":{"line":35,"column":19}},"20":{"start":{"line":35,"column":10},"end":{"line":35,"column":19}},"21":{"start":{"line":36,"column":8},"end":{"line":36,"column":16}},"22":{"start":{"line":38,"column":6},"end":{"line":38,"column":21}},"23":{"start":{"line":42,"column":2},"end":{"line":42,"column":26}},"24":{"start":{"line":45,"column":2},"end":{"line":51,"column":8}},"25":{"start":{"line":46,"column":27},"end":{"line":46,"column":62}},"26":{"start":{"line":47,"column":4},"end":{"line":50,"column":5}},"27":{"start":{"line":48,"column":19},"end":{"line":48,"column":45}},"28":{"start":{"line":49,"column":6},"end":{"line":49,"column":19}},"29":{"start":{"line":56,"column":22},"end":{"line":76,"column":3}},"30":{"start":{"line":57,"column":4},"end":{"line":57,"column":26}},"31":{"start":{"line":58,"column":4},"end":{"line":75,"column":5}},"32":{"start":{"line":59,"column":6},"end":{"line":59,"column":56}},"33":{"start":{"line":60,"column":19},"end":{"line":60,"column":65}},"34":{"start":{"line":61,"column":6},"end":{"line":61,"column":91}},"35":{"start":{"line":62,"column":6},"end":{"line":64,"column":13}},"36":{"start":{"line":63,"column":8},"end":{"line":63,"column":78}},"37":{"start":{"line":65,"column":6},"end":{"line":65,"column":19}},"38":{"start":{"line":66,"column":6},"end":{"line":66,"column":21}},"39":{"start":{"line":67,"column":6},"end":{"line":67,"column":21}},"40":{"start":{"line":68,"column":6},"end":{"line":68,"column":63}},"41":{"start":{"line":70,"column":6},"end":{"line":70,"column":20}},"42":{"start":{"line":71,"column":6},"end":{"line":71,"column":100}},"43":{"start":{"line":72,"column":6},"end":{"line":74,"column":13}},"44":{"start":{"line":73,"column":8},"end":{"line":73,"column":78}},"45":{"start":{"line":78,"column":23},"end":{"line":91,"column":3}},"46":{"start":{"line":79,"column":4},"end":{"line":79,"column":26}},"47":{"start":{"line":80,"column":4},"end":{"line":90,"column":5}},"48":{"start":{"line":81,"column":6},"end":{"line":81,"column":53}},"49":{"start":{"line":82,"column":6},"end":{"line":82,"column":19}},"50":{"start":{"line":83,"column":6},"end":{"line":83,"column":44}},"51":{"start":{"line":85,"column":6},"end":{"line":85,"column":20}},"52":{"start":{"line":86,"column":6},"end":{"line":86,"column":81}},"53":{"start":{"line":87,"column":6},"end":{"line":89,"column":13}},"54":{"start":{"line":88,"column":8},"end":{"line":88,"column":78}},"55":{"start":{"line":93,"column":31},"end":{"line":115,"column":3}},"56":{"start":{"line":94,"column":4},"end":{"line":94,"column":26}},"57":{"start":{"line":95,"column":4},"end":{"line":114,"column":5}},"58":{"start":{"line":96,"column":6},"end":{"line":96,"column":48}},"59":{"start":{"line":97,"column":23},"end":{"line":97,"column":118}},"60":{"start":{"line":98,"column":21},"end":{"line":98,"column":31}},"61":{"start":{"line":99,"column":6},"end":{"line":99,"column":29}},"62":{"start":{"line":100,"column":6},"end":{"line":100,"column":112}},"63":{"start":{"line":101,"column":6},"end":{"line":103,"column":13}},"64":{"start":{"line":102,"column":8},"end":{"line":102,"column":78}},"65":{"start":{"line":104,"column":6},"end":{"line":104,"column":24}},"66":{"start":{"line":105,"column":6},"end":{"line":105,"column":21}},"67":{"start":{"line":106,"column":6},"end":{"line":106,"column":19}},"68":{"start":{"line":107,"column":6},"end":{"line":107,"column":22}},"69":{"start":{"line":109,"column":6},"end":{"line":109,"column":20}},"70":{"start":{"line":110,"column":6},"end":{"line":110,"column":81}},"71":{"start":{"line":111,"column":6},"end":{"line":113,"column":13}},"72":{"start":{"line":112,"column":8},"end":{"line":112,"column":78}},"73":{"start":{"line":118,"column":25},"end":{"line":120,"column":3}},"74":{"start":{"line":119,"column":3},"end":{"line":119,"column":34}},"75":{"start":{"line":122,"column":26},"end":{"line":124,"column":3}},"76":{"start":{"line":123,"column":3},"end":{"line":123,"column":35}},"77":{"start":{"line":126,"column":23},"end":{"line":128,"column":3}},"78":{"start":{"line":127,"column":3},"end":{"line":127,"column":32}},"79":{"start":{"line":130,"column":29},"end":{"line":137,"column":3}},"80":{"start":{"line":131,"column":19},"end":{"line":131,"column":29}},"81":{"start":{"line":132,"column":4},"end":{"line":135,"column":6}},"82":{"start":{"line":133,"column":6},"end":{"line":134,"column":38}},"83":{"start":{"line":134,"column":8},"end":{"line":134,"column":38}},"84":{"start":{"line":136,"column":4},"end":{"line":136,"column":22}},"85":{"start":{"line":139,"column":25},"end":{"line":168,"column":3}},"86":{"start":{"line":140,"column":4},"end":{"line":140,"column":26}},"87":{"start":{"line":141,"column":4},"end":{"line":167,"column":5}},"88":{"start":{"line":142,"column":24},"end":{"line":142,"column":26}},"89":{"start":{"line":143,"column":21},"end":{"line":143,"column":56}},"90":{"start":{"line":144,"column":6},"end":{"line":149,"column":8}},"91":{"start":{"line":145,"column":8},"end":{"line":148,"column":9}},"92":{"start":{"line":146,"column":10},"end":{"line":146,"column":35}},"93":{"start":{"line":147,"column":10},"end":{"line":147,"column":33}},"94":{"start":{"line":150,"column":6},"end":{"line":152,"column":61}},"95":{"start":{"line":153,"column":6},"end":{"line":159,"column":8}},"96":{"start":{"line":154,"column":8},"end":{"line":155,"column":18}},"97":{"start":{"line":155,"column":10},"end":{"line":155,"column":18}},"98":{"start":{"line":156,"column":8},"end":{"line":157,"column":19}},"99":{"start":{"line":157,"column":10},"end":{"line":157,"column":19}},"100":{"start":{"line":158,"column":8},"end":{"line":158,"column":16}},"101":{"start":{"line":160,"column":6},"end":{"line":160,"column":24}},"102":{"start":{"line":162,"column":6},"end":{"line":162,"column":20}},"103":{"start":{"line":163,"column":6},"end":{"line":163,"column":81}},"104":{"start":{"line":164,"column":6},"end":{"line":166,"column":13}},"105":{"start":{"line":165,"column":8},"end":{"line":165,"column":78}},"106":{"start":{"line":170,"column":27},"end":{"line":195,"column":3}},"107":{"start":{"line":171,"column":4},"end":{"line":171,"column":26}},"108":{"start":{"line":172,"column":4},"end":{"line":194,"column":5}},"109":{"start":{"line":173,"column":27},"end":{"line":173,"column":76}},"110":{"start":{"line":173,"column":48},"end":{"line":173,"column":75}},"111":{"start":{"line":174,"column":6},"end":{"line":176,"column":7}},"112":{"start":{"line":175,"column":8},"end":{"line":175,"column":19}},"113":{"start":{"line":177,"column":6},"end":{"line":179,"column":7}},"114":{"start":{"line":178,"column":8},"end":{"line":178,"column":19}},"115":{"start":{"line":180,"column":21},"end":{"line":180,"column":23}},"116":{"start":{"line":181,"column":6},"end":{"line":185,"column":8}},"117":{"start":{"line":182,"column":8},"end":{"line":184,"column":9}},"118":{"start":{"line":183,"column":10},"end":{"line":183,"column":29}},"119":{"start":{"line":186,"column":6},"end":{"line":186,"column":74}},"120":{"start":{"line":187,"column":6},"end":{"line":187,"column":24}},"121":{"start":{"line":189,"column":6},"end":{"line":189,"column":20}},"122":{"start":{"line":190,"column":6},"end":{"line":190,"column":81}},"123":{"start":{"line":191,"column":6},"end":{"line":193,"column":13}},"124":{"start":{"line":192,"column":8},"end":{"line":192,"column":78}},"125":{"start":{"line":201,"column":2},"end":{"line":239,"column":3}},"126":{"start":{"line":202,"column":4},"end":{"line":221,"column":5}},"127":{"start":{"line":212,"column":90},"end":{"line":212,"column":115}},"128":{"start":{"line":216,"column":94},"end":{"line":216,"column":119}},"129":{"start":{"line":224,"column":4},"end":{"line":238,"column":5}},"130":{"start":{"line":235,"column":28},"end":{"line":235,"column":165}}},"fnMap":{"0":{"name":"(anonymous_0)","decl":{"start":{"line":10,"column":12},"end":{"line":10,"column":13}},"loc":{"start":{"line":10,"column":18},"end":{"line":240,"column":1}},"line":10},"1":{"name":"(anonymous_1)","decl":{"start":{"line":25,"column":21},"end":{"line":25,"column":22}},"loc":{"start":{"line":25,"column":27},"end":{"line":40,"column":3}},"line":25},"2":{"name":"(anonymous_2)","decl":{"start":{"line":27,"column":31},"end":{"line":27,"column":32}},"loc":{"start":{"line":27,"column":40},"end":{"line":39,"column":5}},"line":27},"3":{"name":"(anonymous_3)","decl":{"start":{"line":29,"column":20},"end":{"line":29,"column":21}},"loc":{"start":{"line":29,"column":28},"end":{"line":29,"column":51}},"line":29},"4":{"name":"(anonymous_4)","decl":{"start":{"line":31,"column":17},"end":{"line":31,"column":18}},"loc":{"start":{"line":31,"column":26},"end":{"line":37,"column":7}},"line":31},"5":{"name":"(anonymous_5)","decl":{"start":{"line":45,"column":12},"end":{"line":45,"column":13}},"loc":{"start":{"line":45,"column":18},"end":{"line":51,"column":3}},"line":45},"6":{"name":"(anonymous_6)","decl":{"start":{"line":56,"column":22},"end":{"line":56,"column":23}},"loc":{"start":{"line":56,"column":39},"end":{"line":76,"column":3}},"line":56},"7":{"name":"(anonymous_7)","decl":{"start":{"line":62,"column":18},"end":{"line":62,"column":19}},"loc":{"start":{"line":62,"column":24},"end":{"line":64,"column":7}},"line":62},"8":{"name":"(anonymous_8)","decl":{"start":{"line":72,"column":18},"end":{"line":72,"column":19}},"loc":{"start":{"line":72,"column":24},"end":{"line":74,"column":7}},"line":72},"9":{"name":"(anonymous_9)","decl":{"start":{"line":78,"column":23},"end":{"line":78,"column":24}},"loc":{"start":{"line":78,"column":40},"end":{"line":91,"column":3}},"line":78},"10":{"name":"(anonymous_10)","decl":{"start":{"line":87,"column":18},"end":{"line":87,"column":19}},"loc":{"start":{"line":87,"column":24},"end":{"line":89,"column":7}},"line":87},"11":{"name":"(anonymous_11)","decl":{"start":{"line":93,"column":31},"end":{"line":93,"column":32}},"loc":{"start":{"line":93,"column":48},"end":{"line":115,"column":3}},"line":93},"12":{"name":"(anonymous_12)","decl":{"start":{"line":101,"column":18},"end":{"line":101,"column":19}},"loc":{"start":{"line":101,"column":24},"end":{"line":103,"column":7}},"line":101},"13":{"name":"(anonymous_13)","decl":{"start":{"line":111,"column":18},"end":{"line":111,"column":19}},"loc":{"start":{"line":111,"column":24},"end":{"line":113,"column":7}},"line":111},"14":{"name":"(anonymous_14)","decl":{"start":{"line":118,"column":25},"end":{"line":118,"column":26}},"loc":{"start":{"line":118,"column":36},"end":{"line":120,"column":3}},"line":118},"15":{"name":"(anonymous_15)","decl":{"start":{"line":122,"column":26},"end":{"line":122,"column":27}},"loc":{"start":{"line":122,"column":37},"end":{"line":124,"column":3}},"line":122},"16":{"name":"(anonymous_16)","decl":{"start":{"line":126,"column":23},"end":{"line":126,"column":24}},"loc":{"start":{"line":126,"column":34},"end":{"line":128,"column":3}},"line":126},"17":{"name":"(anonymous_17)","decl":{"start":{"line":130,"column":29},"end":{"line":130,"column":30}},"loc":{"start":{"line":130,"column":40},"end":{"line":137,"column":3}},"line":130},"18":{"name":"(anonymous_18)","decl":{"start":{"line":132,"column":21},"end":{"line":132,"column":22}},"loc":{"start":{"line":132,"column":29},"end":{"line":135,"column":5}},"line":132},"19":{"name":"(anonymous_19)","decl":{"start":{"line":139,"column":25},"end":{"line":139,"column":26}},"loc":{"start":{"line":139,"column":42},"end":{"line":168,"column":3}},"line":139},"20":{"name":"(anonymous_20)","decl":{"start":{"line":144,"column":23},"end":{"line":144,"column":24}},"loc":{"start":{"line":144,"column":31},"end":{"line":149,"column":7}},"line":144},"21":{"name":"(anonymous_21)","decl":{"start":{"line":153,"column":20},"end":{"line":153,"column":21}},"loc":{"start":{"line":153,"column":29},"end":{"line":159,"column":7}},"line":153},"22":{"name":"(anonymous_22)","decl":{"start":{"line":164,"column":18},"end":{"line":164,"column":19}},"loc":{"start":{"line":164,"column":24},"end":{"line":166,"column":7}},"line":164},"23":{"name":"(anonymous_23)","decl":{"start":{"line":170,"column":27},"end":{"line":170,"column":28}},"loc":{"start":{"line":170,"column":44},"end":{"line":195,"column":3}},"line":170},"24":{"name":"(anonymous_24)","decl":{"start":{"line":173,"column":40},"end":{"line":173,"column":41}},"loc":{"start":{"line":173,"column":48},"end":{"line":173,"column":75}},"line":173},"25":{"name":"(anonymous_25)","decl":{"start":{"line":181,"column":20},"end":{"line":181,"column":21}},"loc":{"start":{"line":181,"column":28},"end":{"line":185,"column":7}},"line":181},"26":{"name":"(anonymous_26)","decl":{"start":{"line":191,"column":18},"end":{"line":191,"column":19}},"loc":{"start":{"line":191,"column":24},"end":{"line":193,"column":7}},"line":191},"27":{"name":"(anonymous_27)","decl":{"start":{"line":212,"column":74},"end":{"line":212,"column":75}},"loc":{"start":{"line":212,"column":90},"end":{"line":212,"column":115}},"line":212},"28":{"name":"(anonymous_28)","decl":{"start":{"line":216,"column":78},"end":{"line":216,"column":79}},"loc":{"start":{"line":216,"column":94},"end":{"line":216,"column":119}},"line":216},"29":{"name":"(anonymous_29)","decl":{"start":{"line":235,"column":21},"end":{"line":235,"column":22}},"loc":{"start":{"line":235,"column":28},"end":{"line":235,"column":165}},"line":235}},"branchMap":{"0":{"loc":{"start":{"line":32,"column":8},"end":{"line":33,"column":18}},"type":"if","locations":[{"start":{"line":32,"column":8},"end":{"line":33,"column":18}},{"start":{"line":32,"column":8},"end":{"line":33,"column":18}}],"line":32},"1":{"loc":{"start":{"line":34,"column":8},"end":{"line":35,"column":19}},"type":"if","locations":[{"start":{"line":34,"column":8},"end":{"line":35,"column":19}},{"start":{"line":34,"column":8},"end":{"line":35,"column":19}}],"line":34},"2":{"loc":{"start":{"line":47,"column":4},"end":{"line":50,"column":5}},"type":"if","locations":[{"start":{"line":47,"column":4},"end":{"line":50,"column":5}},{"start":{"line":47,"column":4},"end":{"line":50,"column":5}}],"line":47},"3":{"loc":{"start":{"line":133,"column":6},"end":{"line":134,"column":38}},"type":"if","locations":[{"start":{"line":133,"column":6},"end":{"line":134,"column":38}},{"start":{"line":133,"column":6},"end":{"line":134,"column":38}}],"line":133},"4":{"loc":{"start":{"line":145,"column":8},"end":{"line":148,"column":9}},"type":"if","locations":[{"start":{"line":145,"column":8},"end":{"line":148,"column":9}},{"start":{"line":145,"column":8},"end":{"line":148,"column":9}}],"line":145},"5":{"loc":{"start":{"line":154,"column":8},"end":{"line":155,"column":18}},"type":"if","locations":[{"start":{"line":154,"column":8},"end":{"line":155,"column":18}},{"start":{"line":154,"column":8},"end":{"line":155,"column":18}}],"line":154},"6":{"loc":{"start":{"line":156,"column":8},"end":{"line":157,"column":19}},"type":"if","locations":[{"start":{"line":156,"column":8},"end":{"line":157,"column":19}},{"start":{"line":156,"column":8},"end":{"line":157,"column":19}}],"line":156},"7":{"loc":{"start":{"line":174,"column":6},"end":{"line":176,"column":7}},"type":"if","locations":[{"start":{"line":174,"column":6},"end":{"line":176,"column":7}},{"start":{"line":174,"column":6},"end":{"line":176,"column":7}}],"line":174},"8":{"loc":{"start":{"line":177,"column":6},"end":{"line":179,"column":7}},"type":"if","locations":[{"start":{"line":177,"column":6},"end":{"line":179,"column":7}},{"start":{"line":177,"column":6},"end":{"line":179,"column":7}}],"line":177},"9":{"loc":{"start":{"line":182,"column":8},"end":{"line":184,"column":9}},"type":"if","locations":[{"start":{"line":182,"column":8},"end":{"line":184,"column":9}},{"start":{"line":182,"column":8},"end":{"line":184,"column":9}}],"line":182},"10":{"loc":{"start":{"line":201,"column":2},"end":{"line":239,"column":3}},"type":"if","locations":[{"start":{"line":201,"column":2},"end":{"line":239,"column":3}},{"start":{"line":201,"column":2},"end":{"line":239,"column":3}}],"line":201}},"s":{"0":0,"1":0,"2":0,"3":0,"4":0,"5":0,"6":0,"7":0,"8":0,"9":0,"10":0,"11":0,"12":0,"13":0,"14":0,"15":0,"16":0,"17":0,"18":0,"19":0,"20":0,"21":0,"22":0,"23":0,"24":0,"25":0,"26":0,"27":0,"28":0,"29":0,"30":0,"31":0,"32":0,"33":0,"34":0,"35":0,"36":0,"37":0,"38":0,"39":0,"40":0,"41":0,"42":0,"43":0,"44":0,"45":0,"46":0,"47":0,"48":0,"49":0,"50":0,"51":0,"52":0,"53":0,"54":0,"55":0,"56":0,"57":0,"58":0,"59":0,"60":0,"61":0,"62":0,"63":0,"64":0,"65":0,"66":0,"67":0,"68":0,"69":0,"70":0,"71":0,"72":0,"73":0,"74":0,"75":0,"76":0,"77":0,"78":0,"79":0,"80":0,"81":0,"82":0,"83":0,"84":0,"85":0,"86":0,"87":0,"88":0,"89":0,"90":0,"91":0,"92":0,"93":0,"94":0,"95":0,"96":0,"97":0,"98":0,"99":0,"100":0,"101":0,"102":0,"103":0,"104":0,"105":0,"106":0,"107":0,"108":0,"109":0,"110":0,"111":0,"112":0,"113":0,"114":0,"115":0,"116":0,"117":0,"118":0,"119":0,"120":0,"121":0,"122":0,"123":0,"124":0,"125":0,"126":0,"127":0,"128":0,"129":0,"130":0},"f":{"0":0,"1":0,"2":0,"3":0,"4":0,"5":0,"6":0,"7":0,"8":0,"9":0,"10":0,"11":0,"12":0,"13":0,"14":0,"15":0,"16":0,"17":0,"18":0,"19":0,"20":0,"21":0,"22":0,"23":0,"24":0,"25":0,"26":0,"27":0,"28":0,"29":0},"b":{"0":[0,0],"1":[0,0],"2":[0,0],"3":[0,0],"4":[0,0],"5":[0,0],"6":[0,0],"7":[0,0],"8":[0,0],"9":[0,0],"10":[0,0]},"hash":"436409aeedb08c62dc948b6d7e1de5b8540eff03"}
,"/home/ggonzalez/FS/FullStackDevelopment/part5/bloglist/src/index.js": {"path":"/home/ggonzalez/FS/FullStackDevelopment/part5/bloglist/src/index.js","statementMap":{"0":{"start":{"line":6,"column":0},"end":{"line":6,"column":57}}},"fnMap":{},"branchMap":{},"s":{"0":0},"f":{},"b":{},"hash":"dc8429e62750cf821904d06ae5269fb4fade353c"}
,"/home/ggonzalez/FS/FullStackDevelopment/part5/bloglist/src/components/Blog.js": {"path":"/home/ggonzalez/FS/FullStackDevelopment/part5/bloglist/src/components/Blog.js","statementMap":{"0":{"start":{"line":3,"column":13},"end":{"line":18,"column":1}},"1":{"start":{"line":6,"column":26},"end":{"line":6,"column":66}},"2":{"start":{"line":7,"column":2},"end":{"line":17,"column":3}}},"fnMap":{"0":{"name":"(anonymous_0)","decl":{"start":{"line":3,"column":13},"end":{"line":3,"column":14}},"loc":{"start":{"line":3,"column":76},"end":{"line":18,"column":1}},"line":3}},"branchMap":{"0":{"loc":{"start":{"line":6,"column":37},"end":{"line":6,"column":64}},"type":"cond-expr","locations":[{"start":{"line":6,"column":53},"end":{"line":6,"column":55}},{"start":{"line":6,"column":58},"end":{"line":6,"column":64}}],"line":6}},"s":{"0":1,"1":3,"2":3},"f":{"0":3},"b":{"0":[1,2]},"_coverageSchema":"43e27e138ebf9cfc5966b082cf9a028302ed4184","hash":"893fae599bedf4348262de7e4d37d79588c4ee09"}
,"/home/ggonzalez/FS/FullStackDevelopment/part5/bloglist/src/components/Login.js": {"path":"/home/ggonzalez/FS/FullStackDevelopment/part5/bloglist/src/components/Login.js","statementMap":{"0":{"start":{"line":3,"column":14},"end":{"line":24,"column":1}},"1":{"start":{"line":4,"column":4},"end":{"line":23,"column":5}},"2":{"start":{"line":14,"column":90},"end":{"line":14,"column":115}},"3":{"start":{"line":18,"column":94},"end":{"line":18,"column":119}}},"fnMap":{"0":{"name":"(anonymous_0)","decl":{"start":{"line":3,"column":14},"end":{"line":3,"column":15}},"loc":{"start":{"line":3,"column":25},"end":{"line":24,"column":1}},"line":3},"1":{"name":"(anonymous_1)","decl":{"start":{"line":14,"column":74},"end":{"line":14,"column":75}},"loc":{"start":{"line":14,"column":90},"end":{"line":14,"column":115}},"line":14},"2":{"name":"(anonymous_2)","decl":{"start":{"line":18,"column":78},"end":{"line":18,"column":79}},"loc":{"start":{"line":18,"column":94},"end":{"line":18,"column":119}},"line":18}},"branchMap":{},"s":{"0":0,"1":0,"2":0,"3":0},"f":{"0":0,"1":0,"2":0},"b":{},"hash":"626afcaf32d0f0e17021eab565499c119a2b0849"}
,"/home/ggonzalez/FS/FullStackDevelopment/part5/bloglist/src/components/NewEntry.js": {"path":"/home/ggonzalez/FS/FullStackDevelopment/part5/bloglist/src/components/NewEntry.js","statementMap":{"0":{"start":{"line":3,"column":17},"end":{"line":16,"column":1}},"1":{"start":{"line":5,"column":4},"end":{"line":15,"column":5}}},"fnMap":{"0":{"name":"(anonymous_0)","decl":{"start":{"line":3,"column":17},"end":{"line":3,"column":18}},"loc":{"start":{"line":3,"column":121},"end":{"line":16,"column":1}},"line":3}},"branchMap":{},"s":{"0":0,"1":0},"f":{"0":0},"b":{},"hash":"91498ec47eb51da139d076e79f4b6b865eac9ddb"}
,"/home/ggonzalez/FS/FullStackDevelopment/part5/bloglist/src/components/Notification.js": {"path":"/home/ggonzalez/FS/FullStackDevelopment/part5/bloglist/src/components/Notification.js","statementMap":{"0":{"start":{"line":3,"column":21},"end":{"line":30,"column":1}},"1":{"start":{"line":4,"column":4},"end":{"line":6,"column":5}},"2":{"start":{"line":5,"column":5},"end":{"line":5,"column":16}},"3":{"start":{"line":8,"column":4},"end":{"line":14,"column":5}},"4":{"start":{"line":9,"column":8},"end":{"line":13,"column":9}},"5":{"start":{"line":15,"column":4},"end":{"line":21,"column":5}},"6":{"start":{"line":16,"column":8},"end":{"line":20,"column":9}},"7":{"start":{"line":22,"column":4},"end":{"line":28,"column":5}},"8":{"start":{"line":23,"column":8},"end":{"line":27,"column":9}}},"fnMap":{"0":{"name":"(anonymous_0)","decl":{"start":{"line":3,"column":21},"end":{"line":3,"column":22}},"loc":{"start":{"line":3,"column":32},"end":{"line":30,"column":1}},"line":3}},"branchMap":{"0":{"loc":{"start":{"line":4,"column":4},"end":{"line":6,"column":5}},"type":"if","locations":[{"start":{"line":4,"column":4},"end":{"line":6,"column":5}},{"start":{"line":4,"column":4},"end":{"line":6,"column":5}}],"line":4},"1":{"loc":{"start":{"line":8,"column":4},"end":{"line":14,"column":5}},"type":"if","locations":[{"start":{"line":8,"column":4},"end":{"line":14,"column":5}},{"start":{"line":8,"column":4},"end":{"line":14,"column":5}}],"line":8},"2":{"loc":{"start":{"line":15,"column":4},"end":{"line":21,"column":5}},"type":"if","locations":[{"start":{"line":15,"column":4},"end":{"line":21,"column":5}},{"start":{"line":15,"column":4},"end":{"line":21,"column":5}}],"line":15},"3":{"loc":{"start":{"line":22,"column":4},"end":{"line":28,"column":5}},"type":"if","locations":[{"start":{"line":22,"column":4},"end":{"line":28,"column":5}},{"start":{"line":22,"column":4},"end":{"line":28,"column":5}}],"line":22}},"s":{"0":0,"1":0,"2":0,"3":0,"4":0,"5":0,"6":0,"7":0,"8":0},"f":{"0":0},"b":{"0":[0,0],"1":[0,0],"2":[0,0],"3":[0,0]},"hash":"9afdba38facc3041027b23df7a41593984e666c9"}
,"/home/ggonzalez/FS/FullStackDevelopment/part5/bloglist/src/components/SimpleBlog.js": {"path":"/home/ggonzalez/FS/FullStackDevelopment/part5/bloglist/src/components/SimpleBlog.js","statementMap":{"0":{"start":{"line":3,"column":19},"end":{"line":13,"column":1}},"1":{"start":{"line":4,"column":2},"end":{"line":12,"column":8}}},"fnMap":{"0":{"name":"(anonymous_0)","decl":{"start":{"line":3,"column":19},"end":{"line":3,"column":20}},"loc":{"start":{"line":4,"column":2},"end":{"line":12,"column":8}},"line":4}},"branchMap":{},"s":{"0":1,"1":1},"f":{"0":1},"b":{},"_coverageSchema":"43e27e138ebf9cfc5966b082cf9a028302ed4184","hash":"1c12c5cf5d0b68cdd7ee1ff29e05f36eb14dc845"}
,"/home/ggonzalez/FS/FullStackDevelopment/part5/bloglist/src/components/Togglable.js": {"path":"/home/ggonzalez/FS/FullStackDevelopment/part5/bloglist/src/components/Togglable.js","statementMap":{"0":{"start":{"line":4,"column":18},"end":{"line":31,"column":2}},"1":{"start":{"line":5,"column":32},"end":{"line":5,"column":47}},"2":{"start":{"line":7,"column":26},"end":{"line":7,"column":60}},"3":{"start":{"line":8,"column":26},"end":{"line":8,"column":60}},"4":{"start":{"line":10,"column":27},"end":{"line":12,"column":3}},"5":{"start":{"line":11,"column":4},"end":{"line":11,"column":24}},"6":{"start":{"line":14,"column":2},"end":{"line":18,"column":4}},"7":{"start":{"line":15,"column":4},"end":{"line":17,"column":5}},"8":{"start":{"line":20,"column":2},"end":{"line":30,"column":3}}},"fnMap":{"0":{"name":"(anonymous_0)","decl":{"start":{"line":4,"column":35},"end":{"line":4,"column":36}},"loc":{"start":{"line":4,"column":50},"end":{"line":31,"column":1}},"line":4},"1":{"name":"(anonymous_1)","decl":{"start":{"line":10,"column":27},"end":{"line":10,"column":28}},"loc":{"start":{"line":10,"column":33},"end":{"line":12,"column":3}},"line":10},"2":{"name":"(anonymous_2)","decl":{"start":{"line":14,"column":27},"end":{"line":14,"column":28}},"loc":{"start":{"line":14,"column":33},"end":{"line":18,"column":3}},"line":14}},"branchMap":{"0":{"loc":{"start":{"line":7,"column":37},"end":{"line":7,"column":58}},"type":"cond-expr","locations":[{"start":{"line":7,"column":47},"end":{"line":7,"column":53}},{"start":{"line":7,"column":56},"end":{"line":7,"column":58}}],"line":7},"1":{"loc":{"start":{"line":8,"column":37},"end":{"line":8,"column":58}},"type":"cond-expr","locations":[{"start":{"line":8,"column":47},"end":{"line":8,"column":49}},{"start":{"line":8,"column":52},"end":{"line":8,"column":58}}],"line":8}},"s":{"0":0,"1":0,"2":0,"3":0,"4":0,"5":0,"6":0,"7":0,"8":0},"f":{"0":0,"1":0,"2":0},"b":{"0":[0,0],"1":[0,0]},"hash":"8839cb44a03696ab5230c2e4dd7b0a6f34cf2775"}
,"/home/ggonzalez/FS/FullStackDevelopment/part5/bloglist/src/services/blogs.js": {"path":"/home/ggonzalez/FS/FullStackDevelopment/part5/bloglist/src/services/blogs.js","statementMap":{"0":{"start":{"line":2,"column":16},"end":{"line":2,"column":28}},"1":{"start":{"line":4,"column":15},"end":{"line":7,"column":1}},"2":{"start":{"line":5,"column":18},"end":{"line":5,"column":36}},"3":{"start":{"line":6,"column":2},"end":{"line":6,"column":48}},"4":{"start":{"line":6,"column":34},"end":{"line":6,"column":47}},"5":{"start":{"line":9,"column":22},"end":{"line":16,"column":1}},"6":{"start":{"line":10,"column":17},"end":{"line":12,"column":3}},"7":{"start":{"line":13,"column":19},"end":{"line":13,"column":92}},"8":{"start":{"line":14,"column":19},"end":{"line":14,"column":62}},"9":{"start":{"line":15,"column":2},"end":{"line":15,"column":22}},"10":{"start":{"line":18,"column":19},"end":{"line":25,"column":1}},"11":{"start":{"line":19,"column":17},"end":{"line":21,"column":3}},"12":{"start":{"line":22,"column":23},"end":{"line":22,"column":131}},"13":{"start":{"line":23,"column":19},"end":{"line":23,"column":82}},"14":{"start":{"line":24,"column":2},"end":{"line":24,"column":22}},"15":{"start":{"line":27,"column":19},"end":{"line":33,"column":1}},"16":{"start":{"line":28,"column":17},"end":{"line":30,"column":3}},"17":{"start":{"line":31,"column":19},"end":{"line":31,"column":71}},"18":{"start":{"line":32,"column":2},"end":{"line":32,"column":22}}},"fnMap":{"0":{"name":"(anonymous_0)","decl":{"start":{"line":4,"column":15},"end":{"line":4,"column":16}},"loc":{"start":{"line":4,"column":21},"end":{"line":7,"column":1}},"line":4},"1":{"name":"(anonymous_1)","decl":{"start":{"line":6,"column":22},"end":{"line":6,"column":23}},"loc":{"start":{"line":6,"column":34},"end":{"line":6,"column":47}},"line":6},"2":{"name":"(anonymous_2)","decl":{"start":{"line":9,"column":22},"end":{"line":9,"column":23}},"loc":{"start":{"line":9,"column":39},"end":{"line":16,"column":1}},"line":9},"3":{"name":"(anonymous_3)","decl":{"start":{"line":18,"column":19},"end":{"line":18,"column":20}},"loc":{"start":{"line":18,"column":36},"end":{"line":25,"column":1}},"line":18},"4":{"name":"(anonymous_4)","decl":{"start":{"line":27,"column":19},"end":{"line":27,"column":20}},"loc":{"start":{"line":27,"column":36},"end":{"line":33,"column":1}},"line":27}},"branchMap":{},"s":{"0":0,"1":0,"2":0,"3":0,"4":0,"5":0,"6":0,"7":0,"8":0,"9":0,"10":0,"11":0,"12":0,"13":0,"14":0,"15":0,"16":0,"17":0,"18":0},"f":{"0":0,"1":0,"2":0,"3":0,"4":0},"b":{},"hash":"b96f863aab904ec56768f4b51b5b28b531964d1d"}
,"/home/ggonzalez/FS/FullStackDevelopment/part5/bloglist/src/services/login.js": {"path":"/home/ggonzalez/FS/FullStackDevelopment/part5/bloglist/src/services/login.js","statementMap":{"0":{"start":{"line":2,"column":16},"end":{"line":2,"column":28}},"1":{"start":{"line":4,"column":14},"end":{"line":7,"column":1}},"2":{"start":{"line":5,"column":19},"end":{"line":5,"column":57}},"3":{"start":{"line":6,"column":2},"end":{"line":6,"column":22}}},"fnMap":{"0":{"name":"(anonymous_0)","decl":{"start":{"line":4,"column":14},"end":{"line":4,"column":15}},"loc":{"start":{"line":4,"column":35},"end":{"line":7,"column":1}},"line":4}},"branchMap":{},"s":{"0":0,"1":0,"2":0,"3":0},"f":{"0":0},"b":{},"hash":"345c6556d596c650eea22bac0952a91b0004ab1e"}
}
